<?xml version="1.0" encoding="UTF-8"?>
<!-- Generated by org.testng.reporters.JUnitXMLReporter -->
<testsuite ignored="0" hostname="LAPTOP-5OQ7G3CN" failures="0" tests="3" name="Default test" time="30.834" errors="0" timestamp="2023-06-26T05:30:18 IST">
  <testcase classname="Project.Webmath.OtherStuffTest" name="rect" time="5.808"/>
  <testcase classname="Project.Webmath.OtherStuffTest" name="TIME" time="4.801"/>
  <testcase classname="Project.Webmath.OtherStuffTest" name="com" time="4.406"/>
</testsuite> <!-- Default test -->
