<?xml version="1.0" encoding="UTF-8"?>
<!-- Generated by org.testng.reporters.JUnitXMLReporter -->
<testsuite ignored="0" hostname="LAPTOP-5OQ7G3CN" failures="0" tests="16" name="Test" time="198.874" errors="0" timestamp="2023-06-26T05:39:38 IST">
  <testcase classname="Project.Webmath.launch" name="add" time="4.194"/>
  <testcase classname="Project.Webmath.launch" name="sub" time="4.387"/>
  <testcase classname="Project.Webmath.launch" name="mul" time="4.785"/>
  <testcase classname="Project.Webmath.launch" name="div" time="4.501"/>
  <testcase classname="Project.Webmath.launch" name="place" time="4.381"/>
  <testcase classname="Project.Webmath.launch" name="roun" time="4.139"/>
  <testcase classname="Project.Webmath.launch" name="Eline" time="4.285"/>
  <testcase classname="Project.Webmath.launch" name="compare" time="4.039"/>
  <testcase classname="Project.Webmath.OtherStuffTest" name="lTest" time="36.692"/>
  <testcase classname="Project.Webmath.OtherStuffTest" name="rect" time="4.53"/>
  <testcase classname="Project.Webmath.OtherStuffTest" name="TIME" time="4.877"/>
  <testcase classname="Project.Webmath.OtherStuffTest" name="com" time="4.7"/>
  <testcase classname="Project.Webmath.RatiosTest" name="lTest" time="4.371"/>
  <testcase classname="Project.Webmath.RatiosTest" name="pro" time="5.329"/>
  <testcase classname="Project.Webmath.FractionsTest" name="fra" time="4.552"/>
  <testcase classname="Project.Webmath.FractionsTest" name="Cfra" time="5.748"/>
</testsuite> <!-- Test -->
