<?xml version="1.0" encoding="UTF-8"?>
<testng-results ignored="0" total="16" passed="16" failed="0" skipped="0">
  <reporter-output>
  </reporter-output>
  <suite started-at="2023-06-26T05:36:19 IST" name="Suite" finished-at="2023-06-26T05:39:38 IST" duration-ms="198874">
    <groups>
    </groups>
    <test started-at="2023-06-26T05:36:19 IST" name="Test" finished-at="2023-06-26T05:39:38 IST" duration-ms="198874">
      <class name="Project.Webmath.OtherStuffTest">
        <test-method is-config="true" signature="setUp()[pri:0, instance:Project.Webmath.OtherStuffTest@27406a17]" started-at="2023-06-26T05:37:42 IST" name="setUp" finished-at="2023-06-26T05:37:47 IST" duration-ms="4622" status="PASS">
          <reporter-output>
          </reporter-output>
        </test-method> <!-- setUp -->
        <test-method signature="lTest()[pri:1, instance:Project.Webmath.OtherStuffTest@27406a17]" started-at="2023-06-26T05:37:47 IST" name="lTest" finished-at="2023-06-26T05:38:24 IST" duration-ms="36692" status="PASS">
          <reporter-output>
          </reporter-output>
        </test-method> <!-- lTest -->
        <test-method is-config="true" signature="close_browser()[pri:0, instance:Project.Webmath.OtherStuffTest@27406a17]" started-at="2023-06-26T05:38:24 IST" name="close_browser" finished-at="2023-06-26T05:38:24 IST" duration-ms="651" status="PASS">
          <reporter-output>
          </reporter-output>
        </test-method> <!-- close_browser -->
        <test-method is-config="true" signature="setUp()[pri:0, instance:Project.Webmath.OtherStuffTest@27406a17]" started-at="2023-06-26T05:38:24 IST" name="setUp" finished-at="2023-06-26T05:38:29 IST" duration-ms="5285" status="PASS">
          <reporter-output>
          </reporter-output>
        </test-method> <!-- setUp -->
        <test-method signature="rect()[pri:2, instance:Project.Webmath.OtherStuffTest@27406a17]" started-at="2023-06-26T05:38:29 IST" name="rect" finished-at="2023-06-26T05:38:34 IST" duration-ms="4530" status="PASS">
          <reporter-output>
          </reporter-output>
        </test-method> <!-- rect -->
        <test-method is-config="true" signature="close_browser()[pri:0, instance:Project.Webmath.OtherStuffTest@27406a17]" started-at="2023-06-26T05:38:34 IST" name="close_browser" finished-at="2023-06-26T05:38:35 IST" duration-ms="632" status="PASS">
          <reporter-output>
          </reporter-output>
        </test-method> <!-- close_browser -->
        <test-method is-config="true" signature="setUp()[pri:0, instance:Project.Webmath.OtherStuffTest@27406a17]" started-at="2023-06-26T05:38:35 IST" name="setUp" finished-at="2023-06-26T05:38:39 IST" duration-ms="4643" status="PASS">
          <reporter-output>
          </reporter-output>
        </test-method> <!-- setUp -->
        <test-method signature="TIME()[pri:3, instance:Project.Webmath.OtherStuffTest@27406a17]" started-at="2023-06-26T05:38:39 IST" name="TIME" finished-at="2023-06-26T05:38:44 IST" duration-ms="4877" status="PASS">
          <reporter-output>
          </reporter-output>
        </test-method> <!-- TIME -->
        <test-method is-config="true" signature="close_browser()[pri:0, instance:Project.Webmath.OtherStuffTest@27406a17]" started-at="2023-06-26T05:38:44 IST" name="close_browser" finished-at="2023-06-26T05:38:45 IST" duration-ms="609" status="PASS">
          <reporter-output>
          </reporter-output>
        </test-method> <!-- close_browser -->
        <test-method is-config="true" signature="setUp()[pri:0, instance:Project.Webmath.OtherStuffTest@27406a17]" started-at="2023-06-26T05:38:45 IST" name="setUp" finished-at="2023-06-26T05:38:49 IST" duration-ms="4390" status="PASS">
          <reporter-output>
          </reporter-output>
        </test-method> <!-- setUp -->
        <test-method signature="com()[pri:4, instance:Project.Webmath.OtherStuffTest@27406a17]" started-at="2023-06-26T05:38:49 IST" name="com" finished-at="2023-06-26T05:38:54 IST" duration-ms="4700" status="PASS">
          <reporter-output>
          </reporter-output>
        </test-method> <!-- com -->
        <test-method is-config="true" signature="close_browser()[pri:0, instance:Project.Webmath.OtherStuffTest@27406a17]" started-at="2023-06-26T05:38:54 IST" name="close_browser" finished-at="2023-06-26T05:38:54 IST" duration-ms="632" status="PASS">
          <reporter-output>
          </reporter-output>
        </test-method> <!-- close_browser -->
      </class> <!-- Project.Webmath.OtherStuffTest -->
      <class name="Project.Webmath.FractionsTest">
        <test-method is-config="true" signature="setUp()[pri:0, instance:Project.Webmath.FractionsTest@248e319b]" started-at="2023-06-26T05:39:16 IST" name="setUp" finished-at="2023-06-26T05:39:21 IST" duration-ms="4883" status="PASS">
          <reporter-output>
          </reporter-output>
        </test-method> <!-- setUp -->
        <test-method signature="fra()[pri:1, instance:Project.Webmath.FractionsTest@248e319b]" started-at="2023-06-26T05:39:21 IST" name="fra" finished-at="2023-06-26T05:39:25 IST" duration-ms="4552" status="PASS">
          <reporter-output>
          </reporter-output>
        </test-method> <!-- fra -->
        <test-method is-config="true" signature="close_browser()[pri:0, instance:Project.Webmath.FractionsTest@248e319b]" started-at="2023-06-26T05:39:25 IST" name="close_browser" finished-at="2023-06-26T05:39:26 IST" duration-ms="619" status="PASS">
          <reporter-output>
          </reporter-output>
        </test-method> <!-- close_browser -->
        <test-method is-config="true" signature="setUp()[pri:0, instance:Project.Webmath.FractionsTest@248e319b]" started-at="2023-06-26T05:39:26 IST" name="setUp" finished-at="2023-06-26T05:39:31 IST" duration-ms="5450" status="PASS">
          <reporter-output>
          </reporter-output>
        </test-method> <!-- setUp -->
        <test-method signature="Cfra()[pri:2, instance:Project.Webmath.FractionsTest@248e319b]" started-at="2023-06-26T05:39:31 IST" name="Cfra" finished-at="2023-06-26T05:39:37 IST" duration-ms="5748" status="PASS">
          <reporter-output>
          </reporter-output>
        </test-method> <!-- Cfra -->
        <test-method is-config="true" signature="close_browser()[pri:0, instance:Project.Webmath.FractionsTest@248e319b]" started-at="2023-06-26T05:39:37 IST" name="close_browser" finished-at="2023-06-26T05:39:38 IST" duration-ms="624" status="PASS">
          <reporter-output>
          </reporter-output>
        </test-method> <!-- close_browser -->
      </class> <!-- Project.Webmath.FractionsTest -->
      <class name="Project.Webmath.launch">
        <test-method is-config="true" signature="setUp()[pri:0, instance:Project.Webmath.launch@41a0aa7d]" started-at="2023-06-26T05:36:19 IST" name="setUp" finished-at="2023-06-26T05:36:27 IST" duration-ms="8084" status="PASS">
          <reporter-output>
          </reporter-output>
        </test-method> <!-- setUp -->
        <test-method signature="add()[pri:2, instance:Project.Webmath.launch@41a0aa7d]" started-at="2023-06-26T05:36:27 IST" name="add" finished-at="2023-06-26T05:36:31 IST" duration-ms="4194" status="PASS">
          <reporter-output>
          </reporter-output>
        </test-method> <!-- add -->
        <test-method is-config="true" signature="close_browser()[pri:0, instance:Project.Webmath.launch@41a0aa7d]" started-at="2023-06-26T05:36:31 IST" name="close_browser" finished-at="2023-06-26T05:36:32 IST" duration-ms="692" status="PASS">
          <reporter-output>
          </reporter-output>
        </test-method> <!-- close_browser -->
        <test-method is-config="true" signature="setUp()[pri:0, instance:Project.Webmath.launch@41a0aa7d]" started-at="2023-06-26T05:36:32 IST" name="setUp" finished-at="2023-06-26T05:36:36 IST" duration-ms="4571" status="PASS">
          <reporter-output>
          </reporter-output>
        </test-method> <!-- setUp -->
        <test-method signature="sub()[pri:3, instance:Project.Webmath.launch@41a0aa7d]" started-at="2023-06-26T05:36:36 IST" name="sub" finished-at="2023-06-26T05:36:41 IST" duration-ms="4387" status="PASS">
          <reporter-output>
          </reporter-output>
        </test-method> <!-- sub -->
        <test-method is-config="true" signature="close_browser()[pri:0, instance:Project.Webmath.launch@41a0aa7d]" started-at="2023-06-26T05:36:41 IST" name="close_browser" finished-at="2023-06-26T05:36:41 IST" duration-ms="614" status="PASS">
          <reporter-output>
          </reporter-output>
        </test-method> <!-- close_browser -->
        <test-method is-config="true" signature="setUp()[pri:0, instance:Project.Webmath.launch@41a0aa7d]" started-at="2023-06-26T05:36:41 IST" name="setUp" finished-at="2023-06-26T05:36:46 IST" duration-ms="4603" status="PASS">
          <reporter-output>
          </reporter-output>
        </test-method> <!-- setUp -->
        <test-method signature="mul()[pri:4, instance:Project.Webmath.launch@41a0aa7d]" started-at="2023-06-26T05:36:46 IST" name="mul" finished-at="2023-06-26T05:36:51 IST" duration-ms="4785" status="PASS">
          <reporter-output>
          </reporter-output>
        </test-method> <!-- mul -->
        <test-method is-config="true" signature="close_browser()[pri:0, instance:Project.Webmath.launch@41a0aa7d]" started-at="2023-06-26T05:36:51 IST" name="close_browser" finished-at="2023-06-26T05:36:51 IST" duration-ms="629" status="PASS">
          <reporter-output>
          </reporter-output>
        </test-method> <!-- close_browser -->
        <test-method is-config="true" signature="setUp()[pri:0, instance:Project.Webmath.launch@41a0aa7d]" started-at="2023-06-26T05:36:51 IST" name="setUp" finished-at="2023-06-26T05:36:57 IST" duration-ms="5918" status="PASS">
          <reporter-output>
          </reporter-output>
        </test-method> <!-- setUp -->
        <test-method signature="div()[pri:5, instance:Project.Webmath.launch@41a0aa7d]" started-at="2023-06-26T05:36:57 IST" name="div" finished-at="2023-06-26T05:37:02 IST" duration-ms="4501" status="PASS">
          <reporter-output>
          </reporter-output>
        </test-method> <!-- div -->
        <test-method is-config="true" signature="close_browser()[pri:0, instance:Project.Webmath.launch@41a0aa7d]" started-at="2023-06-26T05:37:02 IST" name="close_browser" finished-at="2023-06-26T05:37:02 IST" duration-ms="612" status="PASS">
          <reporter-output>
          </reporter-output>
        </test-method> <!-- close_browser -->
        <test-method is-config="true" signature="setUp()[pri:0, instance:Project.Webmath.launch@41a0aa7d]" started-at="2023-06-26T05:37:02 IST" name="setUp" finished-at="2023-06-26T05:37:07 IST" duration-ms="4561" status="PASS">
          <reporter-output>
          </reporter-output>
        </test-method> <!-- setUp -->
        <test-method signature="place()[pri:6, instance:Project.Webmath.launch@41a0aa7d]" started-at="2023-06-26T05:37:07 IST" name="place" finished-at="2023-06-26T05:37:11 IST" duration-ms="4381" status="PASS">
          <reporter-output>
          </reporter-output>
        </test-method> <!-- place -->
        <test-method is-config="true" signature="close_browser()[pri:0, instance:Project.Webmath.launch@41a0aa7d]" started-at="2023-06-26T05:37:11 IST" name="close_browser" finished-at="2023-06-26T05:37:12 IST" duration-ms="620" status="PASS">
          <reporter-output>
          </reporter-output>
        </test-method> <!-- close_browser -->
        <test-method is-config="true" signature="setUp()[pri:0, instance:Project.Webmath.launch@41a0aa7d]" started-at="2023-06-26T05:37:12 IST" name="setUp" finished-at="2023-06-26T05:37:17 IST" duration-ms="4921" status="PASS">
          <reporter-output>
          </reporter-output>
        </test-method> <!-- setUp -->
        <test-method signature="roun()[pri:7, instance:Project.Webmath.launch@41a0aa7d]" started-at="2023-06-26T05:37:17 IST" name="roun" finished-at="2023-06-26T05:37:21 IST" duration-ms="4139" status="PASS">
          <reporter-output>
          </reporter-output>
        </test-method> <!-- roun -->
        <test-method is-config="true" signature="close_browser()[pri:0, instance:Project.Webmath.launch@41a0aa7d]" started-at="2023-06-26T05:37:21 IST" name="close_browser" finished-at="2023-06-26T05:37:22 IST" duration-ms="619" status="PASS">
          <reporter-output>
          </reporter-output>
        </test-method> <!-- close_browser -->
        <test-method is-config="true" signature="setUp()[pri:0, instance:Project.Webmath.launch@41a0aa7d]" started-at="2023-06-26T05:37:22 IST" name="setUp" finished-at="2023-06-26T05:37:26 IST" duration-ms="4753" status="PASS">
          <reporter-output>
          </reporter-output>
        </test-method> <!-- setUp -->
        <test-method signature="Eline()[pri:8, instance:Project.Webmath.launch@41a0aa7d]" started-at="2023-06-26T05:37:26 IST" name="Eline" finished-at="2023-06-26T05:37:31 IST" duration-ms="4285" status="PASS">
          <reporter-output>
          </reporter-output>
        </test-method> <!-- Eline -->
        <test-method is-config="true" signature="close_browser()[pri:0, instance:Project.Webmath.launch@41a0aa7d]" started-at="2023-06-26T05:37:31 IST" name="close_browser" finished-at="2023-06-26T05:37:31 IST" duration-ms="630" status="PASS">
          <reporter-output>
          </reporter-output>
        </test-method> <!-- close_browser -->
        <test-method is-config="true" signature="setUp()[pri:0, instance:Project.Webmath.launch@41a0aa7d]" started-at="2023-06-26T05:37:31 IST" name="setUp" finished-at="2023-06-26T05:37:38 IST" duration-ms="6286" status="PASS">
          <reporter-output>
          </reporter-output>
        </test-method> <!-- setUp -->
        <test-method signature="compare()[pri:9, instance:Project.Webmath.launch@41a0aa7d]" started-at="2023-06-26T05:37:38 IST" name="compare" finished-at="2023-06-26T05:37:42 IST" duration-ms="4039" status="PASS">
          <reporter-output>
          </reporter-output>
        </test-method> <!-- compare -->
        <test-method is-config="true" signature="close_browser()[pri:0, instance:Project.Webmath.launch@41a0aa7d]" started-at="2023-06-26T05:37:42 IST" name="close_browser" finished-at="2023-06-26T05:37:42 IST" duration-ms="638" status="PASS">
          <reporter-output>
          </reporter-output>
        </test-method> <!-- close_browser -->
      </class> <!-- Project.Webmath.launch -->
      <class name="Project.Webmath.RatiosTest">
        <test-method is-config="true" signature="setUp()[pri:0, instance:Project.Webmath.RatiosTest@2af004b]" started-at="2023-06-26T05:38:54 IST" name="setUp" finished-at="2023-06-26T05:38:59 IST" duration-ms="4906" status="PASS">
          <reporter-output>
          </reporter-output>
        </test-method> <!-- setUp -->
        <test-method signature="lTest()[pri:1, instance:Project.Webmath.RatiosTest@2af004b]" started-at="2023-06-26T05:38:59 IST" name="lTest" finished-at="2023-06-26T05:39:04 IST" duration-ms="4371" status="PASS">
          <reporter-output>
          </reporter-output>
        </test-method> <!-- lTest -->
        <test-method is-config="true" signature="close_browser()[pri:0, instance:Project.Webmath.RatiosTest@2af004b]" started-at="2023-06-26T05:39:04 IST" name="close_browser" finished-at="2023-06-26T05:39:04 IST" duration-ms="618" status="PASS">
          <reporter-output>
          </reporter-output>
        </test-method> <!-- close_browser -->
        <test-method is-config="true" signature="setUp()[pri:0, instance:Project.Webmath.RatiosTest@2af004b]" started-at="2023-06-26T05:39:04 IST" name="setUp" finished-at="2023-06-26T05:39:10 IST" duration-ms="5341" status="PASS">
          <reporter-output>
          </reporter-output>
        </test-method> <!-- setUp -->
        <test-method signature="pro()[pri:2, instance:Project.Webmath.RatiosTest@2af004b]" started-at="2023-06-26T05:39:10 IST" name="pro" finished-at="2023-06-26T05:39:15 IST" duration-ms="5329" status="PASS">
          <reporter-output>
          </reporter-output>
        </test-method> <!-- pro -->
        <test-method is-config="true" signature="close_browser()[pri:0, instance:Project.Webmath.RatiosTest@2af004b]" started-at="2023-06-26T05:39:15 IST" name="close_browser" finished-at="2023-06-26T05:39:16 IST" duration-ms="605" status="PASS">
          <reporter-output>
          </reporter-output>
        </test-method> <!-- close_browser -->
      </class> <!-- Project.Webmath.RatiosTest -->
    </test> <!-- Test -->
  </suite> <!-- Suite -->
</testng-results>
